<?xml version="1.0" encoding="UTF-8"?>
<!-- Generated by org.testng.reporters.JUnitReportReporter -->
<testsuite hostname="LAPTOP-I5Q7OOPQ" failures="0" tests="1" name="QAClickAcademy.QAClickAcademyAutomation.landingHomePage_Test" time="0.122" errors="0" timestamp="02 Jul 2019 13:21:28 GMT" skipped="0">
  <testcase classname="QAClickAcademy.QAClickAcademyAutomation.landingHomePage_Test" name="landingHomePage_Test" time="0.122"/>
</testsuite> <!-- QAClickAcademy.QAClickAcademyAutomation.landingHomePage_Test -->
